2023-11-02 22:53:30.280 [CORE] Valid settings file not found. Using default values.
2023-11-02 22:53:30.282 [CORE] WinGet, version [1.6.2771], activity [{7C6B1669-924C-4516-B898-F542B4456832}]
2023-11-02 22:53:30.282 [CORE] OS: Windows.Desktop v10.0.19045.3636
2023-11-02 22:53:30.282 [CORE] Command line Args: "C:\Program Files\WindowsApps\Microsoft.DesktopAppInstaller_1.21.2771.0_x64__8wekyb3d8bbwe\WindowsPackageManagerServer.exe" -Embedding
2023-11-02 22:53:30.282 [CORE] Package: Microsoft.DesktopAppInstaller v1.21.2771.0
2023-11-02 22:53:30.283 [CORE] IsCOMCall:1; Caller: C:\Windows\explorer.exe
2023-11-02 22:53:30.319 [REPO] Sending http GET request to: https://storeedgefd.dsx.mp.microsoft.com/v9.0/information
2023-11-02 22:53:31.498 [REPO] Response status: 200
2023-11-02 22:53:31.499 [REPO] Sending http GET request to: https://storeedgefd.dsx.mp.microsoft.com/v9.0/information
2023-11-02 22:53:31.555 [REPO] Response status: 200
2023-11-02 22:53:31.556 [REPO] Creating PredefinedInstalledSource with filter [None]
2023-11-02 22:53:31.556 [REPO] Creating new SQLite Index with version [Latest] at ':memory:'
2023-11-02 22:53:31.556 [SQL ] Opening SQLite connection #1: ':memory:' [6, 0]
2023-11-02 22:53:31.644 [REPO] Reading MSI UpgradeCodes
2023-11-02 22:53:31.650 [REPO] Examining ARP entries for Machine | X64
2023-11-02 22:53:31.711 [REPO] Examining ARP entries for Machine | X86
2023-11-02 22:53:31.746 [REPO] Reading MSI UpgradeCodes
2023-11-02 22:53:31.751 [REPO] Examining ARP entries for User | X64
2023-11-02 22:53:36.549 [REPO] Sending http GET request to: https://storeedgefd.dsx.mp.microsoft.com/v9.0/information
2023-11-02 22:53:36.595 [REPO] Response status: 200
2023-11-02 22:53:36.596 [REPO] Sending http GET request to: https://storeedgefd.dsx.mp.microsoft.com/v9.0/information
2023-11-02 22:53:36.635 [REPO] Response status: 200
2023-11-02 22:53:36.636 [REPO] Creating PredefinedInstalledSource with filter [None]
2023-11-02 22:53:36.636 [REPO] Creating new SQLite Index with version [Latest] at ':memory:'
2023-11-02 22:53:36.636 [SQL ] Opening SQLite connection #2: ':memory:' [6, 0]
2023-11-02 22:53:36.704 [REPO] Reading MSI UpgradeCodes
2023-11-02 22:53:36.709 [REPO] Examining ARP entries for Machine | X64
2023-11-02 22:53:36.770 [REPO] Examining ARP entries for Machine | X86
2023-11-02 22:53:36.805 [REPO] Reading MSI UpgradeCodes
2023-11-02 22:53:36.809 [REPO] Examining ARP entries for User | X64
2023-11-02 22:53:37.466 [REPO] Finding available package from installed package using system reference search: Query:[none] Include:ProductCode='{1fc1a6c2-576e-489a-9b4a-92d21f542136}'[Exact] Include:UpgradeCode='{2e5106fd-42a1-4bbe-9c29-7e1d34cb79a1}'[Exact] Include:NormalizedNameAndPublisher='microsoftupdatehealthtools'+'microsoft'[Exact]
2023-11-02 22:53:37.546 [REPO] Opening SQLite Index for ReadWrite at 'C:\Users\Desktop\AppData\Local\Packages\Microsoft.DesktopAppInstaller_8wekyb3d8bbwe\LocalState\StoreEdgeFD\installed.db'
2023-11-02 22:53:37.546 [SQL ] Opening SQLite connection #3: 'C:\Users\Desktop\AppData\Local\Packages\Microsoft.DesktopAppInstaller_8wekyb3d8bbwe\LocalState\StoreEdgeFD\installed.db' [2, 0]
2023-11-02 22:53:37.616 [REPO] Opened SQLite Index with version [1.3], last write [2022-07-18 19:33:43.000]
2023-11-02 22:53:37.759 [REPO] Sending http POST request to: https://storeedgefd.dsx.mp.microsoft.com/v9.0/manifestSearch
2023-11-02 22:53:38.014 [REPO] Response status: 200
2023-11-02 22:53:38.033 [REPO] Opening pinning index
2023-11-02 22:53:38.044 [REPO] Opening existing pinning index
2023-11-02 22:53:38.044 [REPO] Opening SQLite Index for ReadWrite at 'C:\Users\Desktop\AppData\Local\Packages\Microsoft.DesktopAppInstaller_8wekyb3d8bbwe\LocalState\pinning.db'
2023-11-02 22:53:38.044 [SQL ] Opening SQLite connection #4: 'C:\Users\Desktop\AppData\Local\Packages\Microsoft.DesktopAppInstaller_8wekyb3d8bbwe\LocalState\pinning.db' [2, 0]
2023-11-02 22:53:38.098 [REPO] Opened Pinning Index with version [1.0], last write [2023-08-12 18:08:54.000]
2023-11-02 22:53:38.241 [REPO] Sending http GET request to: https://storeedgefd.dsx.mp.microsoft.com/v9.0/information
2023-11-02 22:53:38.310 [REPO] Response status: 200
2023-11-02 22:53:38.326 [REPO] Sending http GET request to: https://storeedgefd.dsx.mp.microsoft.com/v9.0/information
2023-11-02 22:53:38.370 [REPO] Response status: 200
2023-11-02 22:53:38.371 [REPO] Creating PredefinedInstalledSource with filter [None]
2023-11-02 22:53:38.371 [REPO] Creating new SQLite Index with version [Latest] at ':memory:'
2023-11-02 22:53:38.371 [SQL ] Opening SQLite connection #5: ':memory:' [6, 0]
2023-11-02 22:53:38.435 [REPO] Reading MSI UpgradeCodes
2023-11-02 22:53:38.440 [REPO] Examining ARP entries for Machine | X64
2023-11-02 22:53:38.501 [REPO] Examining ARP entries for Machine | X86
2023-11-02 22:53:38.534 [REPO] Reading MSI UpgradeCodes
2023-11-02 22:53:38.538 [REPO] Examining ARP entries for User | X64
2023-11-02 22:53:38.921 [REPO] Finding available package from installed package using system reference search: Query:[none] Include:ProductCode='{1fc1a6c2-576e-489a-9b4a-92d21f542136}'[Exact] Include:UpgradeCode='{2e5106fd-42a1-4bbe-9c29-7e1d34cb79a1}'[Exact] Include:NormalizedNameAndPublisher='microsoftupdatehealthtools'+'microsoft'[Exact]
2023-11-02 22:53:38.934 [REPO] Opening SQLite Index for ReadWrite at 'C:\Users\Desktop\AppData\Local\Packages\Microsoft.DesktopAppInstaller_8wekyb3d8bbwe\LocalState\StoreEdgeFD\installed.db'
2023-11-02 22:53:38.934 [SQL ] Opening SQLite connection #6: 'C:\Users\Desktop\AppData\Local\Packages\Microsoft.DesktopAppInstaller_8wekyb3d8bbwe\LocalState\StoreEdgeFD\installed.db' [2, 0]
2023-11-02 22:53:38.936 [REPO] Opened SQLite Index with version [1.3], last write [2022-07-18 19:33:43.000]
2023-11-02 22:53:39.006 [REPO] Opening SQLite Index for ReadWrite at 'C:\Users\Desktop\AppData\Local\Packages\Microsoft.DesktopAppInstaller_8wekyb3d8bbwe\LocalState\Microsoft.Winget.Source_8wekyb3d8bbwe\installed.db'
2023-11-02 22:53:39.006 [SQL ] Opening SQLite connection #7: 'C:\Users\Desktop\AppData\Local\Packages\Microsoft.DesktopAppInstaller_8wekyb3d8bbwe\LocalState\Microsoft.Winget.Source_8wekyb3d8bbwe\installed.db' [2, 0]
2023-11-02 22:53:39.135 [REPO] Opened SQLite Index with version [1.6], last write [2023-03-01 21:06:13.000]
2023-11-02 22:53:39.305 [REPO] Sending http POST request to: https://storeedgefd.dsx.mp.microsoft.com/v9.0/manifestSearch
2023-11-02 22:53:39.381 [REPO] Response status: 200
2023-11-02 22:53:39.450 [REPO] Opening pinning index
2023-11-02 22:53:39.515 [REPO] Opening existing pinning index
2023-11-02 22:53:39.515 [REPO] Opening SQLite Index for ReadWrite at 'C:\Users\Desktop\AppData\Local\Packages\Microsoft.DesktopAppInstaller_8wekyb3d8bbwe\LocalState\pinning.db'
2023-11-02 22:53:39.515 [SQL ] Opening SQLite connection #8: 'C:\Users\Desktop\AppData\Local\Packages\Microsoft.DesktopAppInstaller_8wekyb3d8bbwe\LocalState\pinning.db' [2, 0]
2023-11-02 22:53:39.518 [REPO] Opened Pinning Index with version [1.0], last write [2023-08-12 18:08:54.000]
